
> @lattice/router@0.0.1 check /Users/henryivry/repos/lattice/packages/router
> pnpm typecheck && pnpm test && pnpm lint


> @lattice/router@0.0.1 typecheck /Users/henryivry/repos/lattice/packages/router
> tsc --noEmit

src/route.test.ts(77,7): error TS2561: Object literal may only specify known properties, but 'createElementScope' does not exist in type 'MatchOpts<MockAdapterConfig>'. Did you mean to write 'getElementScope'?
src/route.test.ts(288,7): error TS2561: Object literal may only specify known properties, but 'createElementScope' does not exist in type 'MatchOpts<MockAdapterConfig>'. Did you mean to write 'getElementScope'?
src/route.test.ts(535,7): error TS2561: Object literal may only specify known properties, but 'createElementScope' does not exist in type 'MatchOpts<MockAdapterConfig>'. Did you mean to write 'getElementScope'?
src/route.test.ts(725,7): error TS2561: Object literal may only specify known properties, but 'createElementScope' does not exist in type 'MatchOpts<MockAdapterConfig>'. Did you mean to write 'getElementScope'?
src/route.test.ts(1040,7): error TS2561: Object literal may only specify known properties, but 'createElementScope' does not exist in type 'MatchOpts<MockAdapterConfig>'. Did you mean to write 'getElementScope'?
src/route.test.ts(1345,7): error TS2561: Object literal may only specify known properties, but 'createElementScope' does not exist in type 'MatchOpts<MockAdapterConfig>'. Did you mean to write 'getElementScope'?
src/route.test.ts(1553,7): error TS2561: Object literal may only specify known properties, but 'createElementScope' does not exist in type 'MatchOpts<MockAdapterConfig>'. Did you mean to write 'getElementScope'?
[41m[30mâ€‰ELIFECYCLEâ€‰[39m[49m [31mCommand failed with exit code 1.[39m
[41m[30mâ€‰ELIFECYCLEâ€‰[39m[49m [31mCommand failed with exit code 1.[39m
